#
# A fatal error has been detected by the Java Runtime Environment:
#
#  EXCEPTION_ACCESS_VIOLATION (0xc0000005) at pc=0x00000000045c1bc3, pid=11396, tid=0x0000000000002554
#
# JRE version: OpenJDK Runtime Environment (8.0_76-b03) (build 1.8.0_76-release-b03)
# Java VM: OpenJDK 64-Bit Server VM (25.76-b03 mixed mode windows-amd64 compressed oops)
# Problematic frame:
# J 24947 C2 java.util.concurrent.ConcurrentHashMap.clear()V (176 bytes) @ 0x00000000045c1bc3 [0x00000000045c1b60+0x63]
#
# Failed to write core dump. Minidumps are not enabled by default on client versions of Windows
#
# If you would like to submit a bug report, please visit:
#   http://bugreport.java.com/bugreport/crash.jsp
#

---------------  T H R E A D  ---------------

Current thread (0x000000001d924000):  JavaThread "Daemon worker Thread 11" [_thread_in_Java, id=9556, stack(0x000000005aa80000,0x000000005ab80000)]

siginfo: ExceptionCode=0xc0000005, reading address 0x0000000000040018

Registers:
RAX=0x0000000000000039, RBX=0x000000005ab7dc00, RCX=0x00000000a554caa0, RDX=0x00000000a0c4f690
RSP=0x000000005ab7db90, RBP=0x000000005096fec9, RSI=0x0000000000000001, RDI=0x00000000000000f0
R8 =0x0000000000040000, R9 =0x000000000006fec9, R10=0x0000000000040000, R11=0x0000000000040000
R12=0x0000000000000000, R13=0x000000000006fec9, R14=0xfffffffffffcc85f, R15=0x000000001d924000
RIP=0x00000000045c1bc3, EFLAGS=0x0000000000010206

Top of Stack: (sp=0x000000005ab7db90)
0x000000005ab7db90:   00000000a0e2c230 0000005c00000022
0x000000005ab7dba0:   00000000a0003720 000000001d924000
0x000000005ab7dbb0:   0000000000100000 00000000a2fc13e8
0x000000005ab7dbc0:   000000005ab7dc48 0000000000000007
0x000000005ab7dbd0:   000000005ab7dc48 0000000002557a72
0x000000005ab7dbe0:   00000000e3677be0 00000000a0c4f690
0x000000005ab7dbf0:   00000000a2fc13e8 0000000000000001
0x000000005ab7dc00:   0000000000000039 000000005ab7dbf8
0x000000005ab7dc10:   000000005ab7dc78 0000000002557a72
0x000000005ab7dc20:   0000000021005a18 0000000002557a72
0x000000005ab7dc30:   00000000a0c4f690 000000005ab7dc38
0x000000005ab7dc40:   000000002101e45b 000000005ab7dc80
0x000000005ab7dc50:   0000000021020418 0000000000000000
0x000000005ab7dc60:   000000002101e468 000000005ab7dc30
0x000000005ab7dc70:   000000005ab7dc88 000000005ab7dcc8
0x000000005ab7dc80:   0000000002557a2d 000000005ab7dc88 

Instructions: (pc=0x00000000045c1bc3)
0x00000000045c1ba3:   01 00 00 45 8b 53 0c 44 89 54 24 20 4d 8b d3 4c
0x00000000045c1bb3:   89 54 24 28 45 33 f6 45 33 ed eb 44 90 4d 8b c2
0x00000000045c1bc3:   45 8b 50 18 49 ff ce 4d 8b da 85 05 2d e4 c4 fd
0x00000000045c1bd3:   45 85 d2 75 e8 44 8b 54 24 60 47 89 64 8a 10 f0 


Register to memory mapping:

RAX=0x0000000000000039 is an unknown value
RBX=0x000000005ab7dc00 is pointing into the stack for thread: 0x000000001d924000
RCX=0x00000000a554caa0 is an oop
java.util.concurrent.ConcurrentHashMap$Node 
 - klass: 'java/util/concurrent/ConcurrentHashMap$Node'
RDX=0x00000000a0c4f690 is an oop
java.util.concurrent.ConcurrentHashMap 
 - klass: 'java/util/concurrent/ConcurrentHashMap'
RSP=0x000000005ab7db90 is pointing into the stack for thread: 0x000000001d924000
RBP=0x000000005096fec9 is an unknown value
RSI=0x0000000000000001 is an unknown value
RDI=0x00000000000000f0 is an unknown value
R8 =0x0000000000040000 is an unknown value
R9 =0x000000000006fec9 is an unknown value
R10=0x0000000000040000 is an unknown value
R11=0x0000000000040000 is an unknown value
R12=0x0000000000000000 is an unknown value
R13=0x000000000006fec9 is an unknown value
R14=0xfffffffffffcc85f is an unknown value
R15=0x000000001d924000 is a thread


Stack: [0x000000005aa80000,0x000000005ab80000],  sp=0x000000005ab7db90,  free space=1014k
Native frames: (J=compiled Java code, j=interpreted, Vv=VM code, C=native code)
C  0x00000000045c1bc3


---------------  P R O C E S S  ---------------

Java Threads: ( => current thread )
  0x000000001d925000 JavaThread "Stdin handler" [_thread_blocked, id=5788, stack(0x000000005ac80000,0x000000005ad80000)]
  0x000000001d925800 JavaThread "Asynchronous log dispatcher for org.gradle.launcher.daemon.server.DefaultDaemonConnection@58f8c496" [_thread_blocked, id=2540, stack(0x000000005ab80000,0x000000005ac80000)]
=>0x000000001d924000 JavaThread "Daemon worker Thread 11" [_thread_in_Java, id=9556, stack(0x000000005aa80000,0x000000005ab80000)]
  0x000000001d92b000 JavaThread "Cancel handler" [_thread_blocked, id=11648, stack(0x000000005a980000,0x000000005aa80000)]
  0x000000001d929800 JavaThread "Handler for socket connection from /127.0.0.1:51030 to /127.0.0.1:57403" [_thread_in_native, id=9856, stack(0x000000005a880000,0x000000005a980000)]
  0x000000001d928800 JavaThread "Daemon Thread 11" [_thread_blocked, id=4352, stack(0x000000005a780000,0x000000005a880000)]
  0x0000000019483000 JavaThread "pool-19-thread-4" [_thread_blocked, id=11576, stack(0x000000002d980000,0x000000002da80000)]
  0x0000000019484800 JavaThread "pool-19-thread-3" [_thread_blocked, id=4344, stack(0x000000002d880000,0x000000002d980000)]
  0x0000000019482000 JavaThread "pool-19-thread-2" [_thread_blocked, id=11460, stack(0x000000002d780000,0x000000002d880000)]
  0x0000000019487800 JavaThread "pool-19-thread-1" [_thread_blocked, id=11756, stack(0x000000002d680000,0x000000002d780000)]
  0x000000001947c800 JavaThread "Java2D Disposer" daemon [_thread_blocked, id=10936, stack(0x0000000027780000,0x0000000027880000)]
  0x0000000019b85800 JavaThread "File lock request listener" [_thread_in_native, id=12084, stack(0x000000001c280000,0x000000001c380000)]
  0x00000000181b1000 JavaThread "pool-1-thread-1" [_thread_blocked, id=11096, stack(0x000000001a5b0000,0x000000001a6b0000)]
  0x000000001929e800 JavaThread "Incoming local TCP Connector on port 51030" [_thread_in_native, id=11140, stack(0x000000001a180000,0x000000001a280000)]
  0x000000001611e000 JavaThread "Service Thread" daemon [_thread_blocked, id=11532, stack(0x0000000018470000,0x0000000018570000)]
  0x0000000016107000 JavaThread "C1 CompilerThread2" daemon [_thread_blocked, id=11540, stack(0x0000000017f70000,0x0000000018070000)]
  0x0000000016104000 JavaThread "C2 CompilerThread1" daemon [_thread_blocked, id=11464, stack(0x0000000017e70000,0x0000000017f70000)]
  0x0000000016102000 JavaThread "C2 CompilerThread0" daemon [_thread_blocked, id=6852, stack(0x0000000017d70000,0x0000000017e70000)]
  0x00000000160fe800 JavaThread "Attach Listener" daemon [_thread_blocked, id=11456, stack(0x0000000017c70000,0x0000000017d70000)]
  0x00000000160fd000 JavaThread "Signal Dispatcher" daemon [_thread_blocked, id=6764, stack(0x0000000017b70000,0x0000000017c70000)]
  0x000000000254d800 JavaThread "Finalizer" daemon [_thread_blocked, id=11528, stack(0x0000000017980000,0x0000000017a80000)]
  0x0000000002544800 JavaThread "Reference Handler" daemon [_thread_blocked, id=11524, stack(0x0000000017880000,0x0000000017980000)]
  0x000000000222d800 JavaThread "main" [_thread_blocked, id=12216, stack(0x0000000002350000,0x0000000002450000)]

Other Threads:
  0x00000000160c6800 VMThread [stack: 0x0000000017780000,0x0000000017880000] [id=11492]
  0x00000000180d6000 WatcherThread [stack: 0x0000000018570000,0x0000000018670000] [id=11448]

VM state:not at safepoint (normal execution)

VM Mutex/Monitor currently owned by a thread: None

Heap:
 PSYoungGen      total 367104K, used 96759K [0x00000000e0000000, 0x0000000100000000, 0x0000000100000000)
  eden space 206336K, 27% used [0x00000000e0000000,0x00000000e368e8e8,0x00000000ec980000)
  from space 160768K, 25% used [0x00000000f6300000,0x00000000f8aef558,0x0000000100000000)
  to   space 157184K, 0% used [0x00000000ec980000,0x00000000ec980000,0x00000000f6300000)
 ParOldGen       total 630784K, used 420114K [0x00000000a0000000, 0x00000000c6800000, 0x00000000e0000000)
  object space 630784K, 66% used [0x00000000a0000000,0x00000000b9a449c0,0x00000000c6800000)
 Metaspace       used 79470K, capacity 84444K, committed 84736K, reserved 1124352K
  class space    used 9828K, capacity 10591K, committed 10752K, reserved 1048576K

Card table byte_map: [0x0000000011910000,0x0000000011c20000] byte_map_base: 0x0000000011410000

Marking Bits: (ParMarkBitMap*) 0x000000006fcc9d00
 Begin Bits: [0x0000000012420000, 0x0000000013c20000)
 End Bits:   [0x0000000013c20000, 0x0000000015420000)

Polling page: 0x0000000002210000

CodeCache: size=245760Kb used=72898Kb max_used=72910Kb free=172861Kb
 bounds [0x0000000002550000, 0x0000000006d10000, 0x0000000011550000]
 total_blobs=19617 nmethods=18762 adapters=767
 compilation: enabled

Compilation events (10 events):
Event: 3727.146 Thread 0x0000000016104000 nmethod 27165 0x0000000006d008d0 code [0x0000000006d00a40, 0x0000000006d01148]
Event: 3727.147 Thread 0x0000000016107000 27172       3       java.util.IdentityHashMap::containsKey (55 bytes)
Event: 3727.147 Thread 0x0000000016107000 nmethod 27172 0x0000000006cf6250 code [0x0000000006cf63e0, 0x0000000006cf6868]
Event: 3727.150 Thread 0x0000000016107000 27173       1       org.gradle.internal.logging.events.StyledTextOutputEvent::getSpans (5 bytes)
Event: 3727.151 Thread 0x0000000016107000 nmethod 27173 0x0000000006b53b10 code [0x0000000006b53c60, 0x0000000006b53d70]
Event: 3727.200 Thread 0x0000000016102000 nmethod 27170 0x0000000006d01a90 code [0x0000000006d01c80, 0x0000000006d02ff8]
Event: 3727.341 Thread 0x0000000016104000 27174       4       sun.nio.cs.UTF_8$Encoder::isLegalReplacement (26 bytes)
Event: 3727.341 Thread 0x0000000016102000 27175       4       java.io.OutputStreamWriter::flush (8 bytes)
Event: 3727.342 Thread 0x0000000016104000 nmethod 27174 0x00000000029802d0 code [0x0000000002980420, 0x00000000029804f8]
Event: 3727.350 Thread 0x0000000016102000 nmethod 27175 0x0000000006cf29d0 code [0x0000000006cf2b20, 0x0000000006cf2ff8]

GC Heap History (10 events):
Event: 3722.010 GC heap before
{Heap before GC invocations=294 (full 25):
 PSYoungGen      total 359424K, used 301697K [0x00000000e0000000, 0x00000000ff500000, 0x0000000100000000)
  eden space 224256K, 100% used [0x00000000e0000000,0x00000000edb00000,0x00000000edb00000)
  from space 135168K, 57% used [0x00000000f7100000,0x00000000fbca04d0,0x00000000ff500000)
  to   space 144384K, 0% used [0x00000000edb00000,0x00000000edb00000,0x00000000f6800000)
 ParOldGen       total 606208K, used 526643K [0x00000000a0000000, 0x00000000c5000000, 0x00000000e0000000)
  object space 606208K, 86% used [0x00000000a0000000,0x00000000c024cdc0,0x00000000c5000000)
 Metaspace       used 79466K, capacity 84444K, committed 84736K, reserved 1124352K
  class space    used 9828K, capacity 10591K, committed 10752K, reserved 1048576K
Event: 3722.189 GC heap after
Heap after GC invocations=294 (full 25):
 PSYoungGen      total 368640K, used 101480K [0x00000000e0000000, 0x0000000100000000, 0x0000000100000000)
  eden space 224256K, 0% used [0x00000000e0000000,0x00000000e0000000,0x00000000edb00000)
  from space 144384K, 70% used [0x00000000edb00000,0x00000000f3e1a098,0x00000000f6800000)
  to   space 150528K, 0% used [0x00000000f6d00000,0x00000000f6d00000,0x0000000100000000)
 ParOldGen       total 606208K, used 601577K [0x00000000a0000000, 0x00000000c5000000, 0x00000000e0000000)
  object space 606208K, 99% used [0x00000000a0000000,0x00000000c4b7a540,0x00000000c5000000)
 Metaspace       used 79466K, capacity 84444K, committed 84736K, reserved 1124352K
  class space    used 9828K, capacity 10591K, committed 10752K, reserved 1048576K
}
Event: 3722.190 GC heap before
{Heap before GC invocations=295 (full 26):
 PSYoungGen      total 368640K, used 101480K [0x00000000e0000000, 0x0000000100000000, 0x0000000100000000)
  eden space 224256K, 0% used [0x00000000e0000000,0x00000000e0000000,0x00000000edb00000)
  from space 144384K, 70% used [0x00000000edb00000,0x00000000f3e1a098,0x00000000f6800000)
  to   space 150528K, 0% used [0x00000000f6d00000,0x00000000f6d00000,0x0000000100000000)
 ParOldGen       total 606208K, used 601577K [0x00000000a0000000, 0x00000000c5000000, 0x00000000e0000000)
  object space 606208K, 99% used [0x00000000a0000000,0x00000000c4b7a540,0x00000000c5000000)
 Metaspace       used 79466K, capacity 84444K, committed 84736K, reserved 1124352K
  class space    used 9828K, capacity 10591K, committed 10752K, reserved 1048576K
Event: 3723.866 GC heap after
Heap after GC invocations=295 (full 26):
 PSYoungGen      total 368640K, used 0K [0x00000000e0000000, 0x0000000100000000, 0x0000000100000000)
  eden space 224256K, 0% used [0x00000000e0000000,0x00000000e0000000,0x00000000edb00000)
  from space 144384K, 0% used [0x00000000edb00000,0x00000000edb00000,0x00000000f6800000)
  to   space 150528K, 0% used [0x00000000f6d00000,0x00000000f6d00000,0x0000000100000000)
 ParOldGen       total 630784K, used 365100K [0x00000000a0000000, 0x00000000c6800000, 0x00000000e0000000)
  object space 630784K, 57% used [0x00000000a0000000,0x00000000b648b200,0x00000000c6800000)
 Metaspace       used 79466K, capacity 84444K, committed 84736K, reserved 1124352K
  class space    used 9828K, capacity 10591K, committed 10752K, reserved 1048576K
}
Event: 3724.292 GC heap before
{Heap before GC invocations=296 (full 26):
 PSYoungGen      total 368640K, used 224256K [0x00000000e0000000, 0x0000000100000000, 0x0000000100000000)
  eden space 224256K, 100% used [0x00000000e0000000,0x00000000edb00000,0x00000000edb00000)
  from space 144384K, 0% used [0x00000000edb00000,0x00000000edb00000,0x00000000f6800000)
  to   space 150528K, 0% used [0x00000000f6d00000,0x00000000f6d00000,0x0000000100000000)
 ParOldGen       total 630784K, used 365100K [0x00000000a0000000, 0x00000000c6800000, 0x00000000e0000000)
  object space 630784K, 57% used [0x00000000a0000000,0x00000000b648b200,0x00000000c6800000)
 Metaspace       used 79466K, capacity 84444K, committed 84736K, reserved 1124352K
  class space    used 9828K, capacity 10591K, committed 10752K, reserved 1048576K
Event: 3724.362 GC heap after
Heap after GC invocations=296 (full 26):
 PSYoungGen      total 373760K, used 52604K [0x00000000e0000000, 0x00000000ffa00000, 0x0000000100000000)
  eden space 229376K, 0% used [0x00000000e0000000,0x00000000e0000000,0x00000000ee000000)
  from space 144384K, 36% used [0x00000000f6d00000,0x00000000fa05f120,0x00000000ffa00000)
  to   space 144384K, 0% used [0x00000000ee000000,0x00000000ee000000,0x00000000f6d00000)
 ParOldGen       total 630784K, used 365100K [0x00000000a0000000, 0x00000000c6800000, 0x00000000e0000000)
  object space 630784K, 57% used [0x00000000a0000000,0x00000000b648b200,0x00000000c6800000)
 Metaspace       used 79466K, capacity 84444K, committed 84736K, reserved 1124352K
  class space    used 9828K, capacity 10591K, committed 10752K, reserved 1048576K
}
Event: 3725.004 GC heap before
{Heap before GC invocations=297 (full 26):
 PSYoungGen      total 373760K, used 281980K [0x00000000e0000000, 0x00000000ffa00000, 0x0000000100000000)
  eden space 229376K, 100% used [0x00000000e0000000,0x00000000ee000000,0x00000000ee000000)
  from space 144384K, 36% used [0x00000000f6d00000,0x00000000fa05f120,0x00000000ffa00000)
  to   space 144384K, 0% used [0x00000000ee000000,0x00000000ee000000,0x00000000f6d00000)
 ParOldGen       total 630784K, used 365100K [0x00000000a0000000, 0x00000000c6800000, 0x00000000e0000000)
  object space 630784K, 57% used [0x00000000a0000000,0x00000000b648b200,0x00000000c6800000)
 Metaspace       used 79466K, capacity 84444K, committed 84736K, reserved 1124352K
  class space    used 9828K, capacity 10591K, committed 10752K, reserved 1048576K
Event: 3725.215 GC heap after
Heap after GC invocations=297 (full 26):
 PSYoungGen      total 359424K, used 129996K [0x00000000e0000000, 0x0000000100000000, 0x0000000100000000)
  eden space 229376K, 0% used [0x00000000e0000000,0x00000000e0000000,0x00000000ee000000)
  from space 130048K, 99% used [0x00000000ee000000,0x00000000f5ef3398,0x00000000f5f00000)
  to   space 160768K, 0% used [0x00000000f6300000,0x00000000f6300000,0x0000000100000000)
 ParOldGen       total 630784K, used 413906K [0x00000000a0000000, 0x00000000c6800000, 0x00000000e0000000)
  object space 630784K, 65% used [0x00000000a0000000,0x00000000b94349c0,0x00000000c6800000)
 Metaspace       used 79466K, capacity 84444K, committed 84736K, reserved 1124352K
  class space    used 9828K, capacity 10591K, committed 10752K, reserved 1048576K
}
Event: 3726.842 GC heap before
{Heap before GC invocations=298 (full 26):
 PSYoungGen      total 359424K, used 359372K [0x00000000e0000000, 0x0000000100000000, 0x0000000100000000)
  eden space 229376K, 100% used [0x00000000e0000000,0x00000000ee000000,0x00000000ee000000)
  from space 130048K, 99% used [0x00000000ee000000,0x00000000f5ef3398,0x00000000f5f00000)
  to   space 160768K, 0% used [0x00000000f6300000,0x00000000f6300000,0x0000000100000000)
 ParOldGen       total 630784K, used 413906K [0x00000000a0000000, 0x00000000c6800000, 0x00000000e0000000)
  object space 630784K, 65% used [0x00000000a0000000,0x00000000b94349c0,0x00000000c6800000)
 Metaspace       used 79468K, capacity 84444K, committed 84736K, reserved 1124352K
  class space    used 9828K, capacity 10591K, committed 10752K, reserved 1048576K
Event: 3726.887 GC heap after
Heap after GC invocations=298 (full 26):
 PSYoungGen      total 367104K, used 40893K [0x00000000e0000000, 0x0000000100000000, 0x0000000100000000)
  eden space 206336K, 0% used [0x00000000e0000000,0x00000000e0000000,0x00000000ec980000)
  from space 160768K, 25% used [0x00000000f6300000,0x00000000f8aef558,0x0000000100000000)
  to   space 157184K, 0% used [0x00000000ec980000,0x00000000ec980000,0x00000000f6300000)
 ParOldGen       total 630784K, used 420114K [0x00000000a0000000, 0x00000000c6800000, 0x00000000e0000000)
  object space 630784K, 66% used [0x00000000a0000000,0x00000000b9a449c0,0x00000000c6800000)
 Metaspace       used 79468K, capacity 84444K, committed 84736K, reserved 1124352K
  class space    used 9828K, capacity 10591K, committed 10752K, reserved 1048576K
}

Deoptimization events (10 events):
Event: 3575.550 Thread 0x000000001947f000 Uncommon trap: reason=array_check action=maybe_recompile pc=0x00000000055504cc method=java.util.ComparableTimSort.mergeLo(IIII)V @ 371
Event: 3575.550 Thread 0x000000001947f000 Uncommon trap: reason=array_check action=maybe_recompile pc=0x00000000055504cc method=java.util.ComparableTimSort.mergeLo(IIII)V @ 371
Event: 3575.550 Thread 0x000000001947f000 Uncommon trap: reason=array_check action=maybe_recompile pc=0x00000000067b74e8 method=java.util.ComparableTimSort.mergeHi(IIII)V @ 415
Event: 3575.550 Thread 0x000000001947f000 Uncommon trap: reason=array_check action=maybe_recompile pc=0x00000000067b74e8 method=java.util.ComparableTimSort.mergeHi(IIII)V @ 415
Event: 3575.570 Thread 0x000000001947f000 Uncommon trap: reason=array_check action=maybe_recompile pc=0x00000000051b1948 method=java.util.ComparableTimSort.mergeLo(IIII)V @ 207
Event: 3576.708 Thread 0x0000000019478000 Uncommon trap: reason=unstable_if action=reinterpret pc=0x0000000004bf8220 method=java.util.concurrent.locks.AbstractQueuedSynchronizer.findNodeFromTail(Ljava/util/concurrent/locks/AbstractQueuedSynchronizer$Node;)Z @ 7
Event: 3607.399 Thread 0x000000001947f000 Uncommon trap: reason=null_check action=make_not_entrant pc=0x0000000006b570dc method=com.android.builder.internal.packaging.sign.SignatureExtension.setDigestForEntry(Lcom/android/builder/internal/packaging/zip/StoredEntry;)V @ 103
Event: 3704.987 Thread 0x000000001bcf2000 Uncommon trap: reason=unstable_if action=reinterpret pc=0x00000000043e94a0 method=java.util.concurrent.locks.AbstractQueuedSynchronizer.findNodeFromTail(Ljava/util/concurrent/locks/AbstractQueuedSynchronizer$Node;)Z @ 7
Event: 3726.657 Thread 0x0000000019482000 Uncommon trap: reason=array_check action=maybe_recompile pc=0x0000000006cbfb34 method=java.util.ComparableTimSort.mergeHi(IIII)V @ 277
Event: 3726.819 Thread 0x0000000019482000 Uncommon trap: reason=bimorphic action=maybe_recompile pc=0x00000000039b4cac method=com.android.dx.merge.DexMerger$IdMerger.mergeSorted()V @ 89

Internal exceptions (10 events):
Event: 3692.232 Thread 0x000000001d924000 Exception <a 'sun/nio/fs/WindowsException'> (0x00000000e4f2d778) thrown at [C:\src\android\AOSP-openjdk\external\jetbrains\jdk\hotspot\src\share\vm\prims\jni.cpp, line 709]
Event: 3692.232 Thread 0x000000001d924000 Exception <a 'sun/nio/fs/WindowsException'> (0x00000000e4f2e218) thrown at [C:\src\android\AOSP-openjdk\external\jetbrains\jdk\hotspot\src\share\vm\prims\jni.cpp, line 709]
Event: 3692.232 Thread 0x000000001d924000 Exception <a 'sun/nio/fs/WindowsException'> (0x00000000e4f306b8) thrown at [C:\src\android\AOSP-openjdk\external\jetbrains\jdk\hotspot\src\share\vm\prims\jni.cpp, line 709]
Event: 3692.232 Thread 0x000000001d924000 Exception <a 'sun/nio/fs/WindowsException'> (0x00000000e4f31188) thrown at [C:\src\android\AOSP-openjdk\external\jetbrains\jdk\hotspot\src\share\vm\prims\jni.cpp, line 709]
Event: 3692.232 Thread 0x000000001d924000 Exception <a 'sun/nio/fs/WindowsException'> (0x00000000e4f32c88) thrown at [C:\src\android\AOSP-openjdk\external\jetbrains\jdk\hotspot\src\share\vm\prims\jni.cpp, line 709]
Event: 3692.232 Thread 0x000000001d924000 Exception <a 'sun/nio/fs/WindowsException'> (0x00000000e4f33798) thrown at [C:\src\android\AOSP-openjdk\external\jetbrains\jdk\hotspot\src\share\vm\prims\jni.cpp, line 709]
Event: 3692.232 Thread 0x000000001d924000 Exception <a 'sun/nio/fs/WindowsException'> (0x00000000e4f35ee8) thrown at [C:\src\android\AOSP-openjdk\external\jetbrains\jdk\hotspot\src\share\vm\prims\jni.cpp, line 709]
Event: 3692.232 Thread 0x000000001d924000 Exception <a 'sun/nio/fs/WindowsException'> (0x00000000e4f36a30) thrown at [C:\src\android\AOSP-openjdk\external\jetbrains\jdk\hotspot\src\share\vm\prims\jni.cpp, line 709]
Event: 3692.232 Thread 0x000000001d924000 Exception <a 'sun/nio/fs/WindowsException'> (0x00000000e4f385a8) thrown at [C:\src\android\AOSP-openjdk\external\jetbrains\jdk\hotspot\src\share\vm\prims\jni.cpp, line 709]
Event: 3692.233 Thread 0x000000001d924000 Exception <a 'sun/nio/fs/WindowsException'> (0x00000000e4f39130) thrown at [C:\src\android\AOSP-openjdk\external\jetbrains\jdk\hotspot\src\share\vm\prims\jni.cpp, line 709]

Events (10 events):
Event: 3727.035 Thread 0x0000000016102000 flushing nmethod 0x0000000003bb80d0
Event: 3727.037 Thread 0x0000000016102000 flushing nmethod 0x0000000003cff090
Event: 3727.140 Executing VM operation: RevokeBias
Event: 3727.141 Executing VM operation: RevokeBias done
Event: 3727.149 Thread 0x000000001bcec800 Thread exited: 0x000000001bcec800
Event: 3727.149 Thread 0x000000001bce7800 Thread exited: 0x000000001bce7800
Event: 3727.150 Thread 0x000000001bcec000 Thread exited: 0x000000001bcec000
Event: 3727.150 Thread 0x000000001bce9800 Thread exited: 0x000000001bce9800
Event: 3727.150 Thread 0x000000001bced800 Thread exited: 0x000000001bced800
Event: 3727.150 Thread 0x000000001bcef000 Thread exited: 0x000000001bcef000


Dynamic libraries:
0x00007ff6a9030000 - 0x00007ff6a9061000 	C:\Program Files\Android\Android Studio\jre\bin\java.exe
0x00007ff8b3b10000 - 0x00007ff8b3ce1000 	C:\WINDOWS\SYSTEM32\ntdll.dll
0x00007ff8b1080000 - 0x00007ff8b112b000 	C:\WINDOWS\System32\KERNEL32.DLL
0x00007ff8b0170000 - 0x00007ff8b038d000 	C:\WINDOWS\System32\KERNELBASE.dll
0x00007ff8b12d0000 - 0x00007ff8b1372000 	C:\WINDOWS\System32\ADVAPI32.dll
0x00007ff8b1640000 - 0x00007ff8b16de000 	C:\WINDOWS\System32\msvcrt.dll
0x00007ff8b11a0000 - 0x00007ff8b11f9000 	C:\WINDOWS\System32\sechost.dll
0x00007ff8b1880000 - 0x00007ff8b19a1000 	C:\WINDOWS\System32\RPCRT4.dll
0x00007ff8b14d0000 - 0x00007ff8b1635000 	C:\WINDOWS\System32\USER32.dll
0x00007ff8b0610000 - 0x00007ff8b062e000 	C:\WINDOWS\System32\win32u.dll
0x00007ff8b3970000 - 0x00007ff8b39a4000 	C:\WINDOWS\System32\GDI32.dll
0x00007ff8affe0000 - 0x00007ff8b0162000 	C:\WINDOWS\System32\gdi32full.dll
0x00007ff8a9960000 - 0x00007ff8a9bd9000 	C:\WINDOWS\WinSxS\amd64_microsoft.windows.common-controls_6595b64144ccf1df_6.0.14393.0_none_2d0f50fcbdb171b8\COMCTL32.dll
0x00007ff8b36a0000 - 0x00007ff8b3967000 	C:\WINDOWS\System32\combase.dll
0x00007ff8b0f80000 - 0x00007ff8b1075000 	C:\WINDOWS\System32\ucrtbase.dll
0x00007ff8b0eb0000 - 0x00007ff8b0f1a000 	C:\WINDOWS\System32\bcryptPrimitives.dll
0x00007ff8b14a0000 - 0x00007ff8b14ce000 	C:\WINDOWS\System32\IMM32.DLL
0x0000000070630000 - 0x0000000070702000 	C:\Program Files\Android\Android Studio\jre\jre\bin\msvcr100.dll
0x000000006f510000 - 0x000000006fd44000 	C:\Program Files\Android\Android Studio\jre\jre\bin\server\jvm.dll
0x00007ff8b12c0000 - 0x00007ff8b12c8000 	C:\WINDOWS\System32\PSAPI.DLL
0x00007ff8ae270000 - 0x00007ff8ae293000 	C:\WINDOWS\SYSTEM32\WINMM.dll
0x00007ff8ad980000 - 0x00007ff8ad98a000 	C:\WINDOWS\SYSTEM32\VERSION.dll
0x00007ff8a2f30000 - 0x00007ff8a2f39000 	C:\WINDOWS\SYSTEM32\WSOCK32.dll
0x00007ff8ae210000 - 0x00007ff8ae23b000 	C:\WINDOWS\SYSTEM32\WINMMBASE.dll
0x00007ff8b0e60000 - 0x00007ff8b0ea2000 	C:\WINDOWS\System32\cfgmgr32.dll
0x00007ff8b1130000 - 0x00007ff8b119a000 	C:\WINDOWS\System32\WS2_32.dll
0x00007ff8adb30000 - 0x00007ff8adb3f000 	C:\Program Files\Android\Android Studio\jre\jre\bin\verify.dll
0x00007ff8a6c70000 - 0x00007ff8a6c99000 	C:\Program Files\Android\Android Studio\jre\jre\bin\java.dll
0x00007ff8a6930000 - 0x00007ff8a6946000 	C:\Program Files\Android\Android Studio\jre\jre\bin\zip.dll
0x00007ff8b1e70000 - 0x00007ff8b3378000 	C:\WINDOWS\System32\SHELL32.dll
0x00007ff8b0630000 - 0x00007ff8b0d0a000 	C:\WINDOWS\System32\windows.storage.dll
0x00007ff8aff90000 - 0x00007ff8affdc000 	C:\WINDOWS\System32\powrprof.dll
0x00007ff8b1380000 - 0x00007ff8b13d2000 	C:\WINDOWS\System32\shlwapi.dll
0x00007ff8aff50000 - 0x00007ff8aff5f000 	C:\WINDOWS\System32\kernel.appcore.dll
0x00007ff8b0d10000 - 0x00007ff8b0db9000 	C:\WINDOWS\System32\shcore.dll
0x00007ff8aff70000 - 0x00007ff8aff84000 	C:\WINDOWS\System32\profapi.dll
0x00007ff8a6910000 - 0x00007ff8a692a000 	C:\Program Files\Android\Android Studio\jre\jre\bin\net.dll
0x00007ff8af6a0000 - 0x00007ff8af6fc000 	C:\WINDOWS\system32\mswsock.dll
0x00007ff8a6530000 - 0x00007ff8a6541000 	C:\Program Files\Android\Android Studio\jre\jre\bin\nio.dll
0x00007ff8a3650000 - 0x00007ff8a3662000 	C:\Users\Dev Stuff\.gradle\native\19\windows-amd64\native-platform.dll
0x00007ff8af9c0000 - 0x00007ff8af9d7000 	C:\WINDOWS\SYSTEM32\CRYPTSP.dll
0x00007ff8af8a0000 - 0x00007ff8af8d3000 	C:\WINDOWS\system32\rsaenh.dll
0x00007ff8afe90000 - 0x00007ff8afebb000 	C:\WINDOWS\SYSTEM32\bcrypt.dll
0x00007ff8af520000 - 0x00007ff8af53f000 	C:\WINDOWS\SYSTEM32\USERENV.dll
0x00007ff8af9e0000 - 0x00007ff8af9eb000 	C:\WINDOWS\SYSTEM32\CRYPTBASE.dll
0x00007ff8af430000 - 0x00007ff8af468000 	C:\WINDOWS\SYSTEM32\IPHLPAPI.DLL
0x00007ff8b19b0000 - 0x00007ff8b19b8000 	C:\WINDOWS\System32\NSI.dll
0x00007ff8ac480000 - 0x00007ff8ac496000 	C:\WINDOWS\SYSTEM32\dhcpcsvc6.DLL
0x00007ff8ac3b0000 - 0x00007ff8ac3ca000 	C:\WINDOWS\SYSTEM32\dhcpcsvc.DLL
0x00007ff8adb20000 - 0x00007ff8adb2d000 	C:\Program Files\Android\Android Studio\jre\jre\bin\management.dll
0x00007ff89d670000 - 0x00007ff89d803000 	C:\Program Files\Android\Android Studio\jre\jre\bin\awt.dll
0x00007ff8b13e0000 - 0x00007ff8b149f000 	C:\WINDOWS\System32\OLEAUT32.dll
0x00007ff8b0dc0000 - 0x00007ff8b0e5c000 	C:\WINDOWS\System32\msvcp_win.dll
0x00007ff8ae500000 - 0x00007ff8ae57a000 	C:\WINDOWS\SYSTEM32\apphelp.dll
0x00007ff8ad220000 - 0x00007ff8ad246000 	C:\WINDOWS\system32\DWMAPI.DLL
0x00007ff8ae740000 - 0x00007ff8ae7d5000 	C:\WINDOWS\system32\uxtheme.dll
0x00007ff8a3670000 - 0x00007ff8a3694000 	C:\Program Files\Android\Android Studio\jre\jre\bin\sunec.dll
0x00007ff8ae460000 - 0x00007ff8ae46b000 	C:\Program Files\Android\Android Studio\jre\jre\bin\sunmscapi.dll
0x00007ff8b0390000 - 0x00007ff8b0558000 	C:\WINDOWS\System32\CRYPT32.dll
0x00007ff8aff60000 - 0x00007ff8aff70000 	C:\WINDOWS\System32\MSASN1.dll
0x00007ff8ac940000 - 0x00007ff8acad2000 	C:\WINDOWS\SYSTEM32\dbghelp.dll

VM Arguments:
jvm_args: -Xmx1536m -Dfile.encoding=windows-1252 -Duser.country=US -Duser.language=en -Duser.variant 
java_command: org.gradle.launcher.daemon.bootstrap.GradleDaemon 2.14.1
java_class_path (initial): C:\Program Files\Android\Android Studio\gradle\gradle-2.14.1\lib\gradle-launcher-2.14.1.jar
Launcher Type: SUN_STANDARD

Environment Variables:
CLASSPATH=.;C:\Program Files (x86)\Java\jre1.8.0_77\lib\ext\QTJava.zip
PATH=C:\Program Files (x86)\Common Files\Intel\Shared Libraries\redist\intel64\compiler;C:\Program Files (x86)\Razer Chroma SDK\bin;C:\Program Files\Razer Chroma SDK\bin;C:\ProgramData\Oracle\Java\javapath;C:\Windows\system32;C:\Windows;C:\Windows\System32\Wbem;C:\Windows\System32\WindowsPowerShell\v1.0\;C:\Program Files (x86)\Skype\Phone\;C:\Program Files (x86)\NVIDIA Corporation\PhysX\Common;C:\WINDOWS\system32;C:\WINDOWS;C:\WINDOWS\System32\Wbem;C:\WINDOWS\System32\WindowsPowerShell\v1.0\;C:\WINDOWS\system32\config\systemprofile\.dnx\bin;C:\Program Files\Microsoft DNX\Dnvm\;C:\Program Files\Microsoft SQL Server\130\Tools\Binn\;C:\Program Files\TortoiseSVN\bin;C:\Program Files (x86)\Microsoft SQL Server\110\Tools\Binn\;C:\Program Files\Microsoft SQL Server\110\Tools\Binn\;C:\Program Files\Microsoft SQL Server\110\DTS\Binn\;C:\Program Files (x86)\Microsoft SQL Server\110\Tools\Binn\ManagementStudio\;C:\Program Files (x86)\Microsoft SQL Server\110\DTS\Binn\;C:\Program Files (x86)\Livestreamer;C:\Program Files\Microsoft\Web Platform Installer\;C:\Program Files (x86)\Microsoft ASP.NET\ASP.NET Web Pages\v1.0\;C:\Android-adb;C:\WINDOWS\system32;C:\WINDOWS;C:\WINDOWS\System32\Wbem;C:\WINDOWS\System32\WindowsPowerShell\v1.0\;C:\WINDOWS\system32\config\systemprofile\AppData\Local\Microsoft\WindowsApps;C:\Program Files (x86)\QuickTime\QTSystem\;C:\Program Files (x86)\Brackets\command;C:\xampp\php;C:\ProgramData\ComposerSetup\bin;C:\Users\Dev Stuff\AppData\Local\Microsoft\WindowsApps;
USERNAME=Dev Stuff
OS=Windows_NT
PROCESSOR_IDENTIFIER=AMD64 Family 21 Model 1 Stepping 2, AuthenticAMD



---------------  S Y S T E M  ---------------

OS: Windows 10.0 , 64 bit Build 14393 (10.0.14393.0)

CPU:total 6 (6 cores per cpu, 1 threads per core) family 21 model 1 stepping 2, cmov, cx8, fxsr, mmx, sse, sse2, sse3, ssse3, sse4.1, sse4.2, popcnt, avx, aes, clmul, mmxext, 3dnowpref, lzcnt, sse4a, tsc, tscinvbit, tscinv

Memory: 4k page, physical 8344896k(656508k free), swap 16733504k(6441032k free)

vm_info: OpenJDK 64-Bit Server VM (25.76-b03) for windows-amd64 JRE (1.8.0_76-release-b03), built on Jun 29 2016 19:09:20 by "ralucas" with MS VC++ 10.0 (VS2010)

time: Thu Oct 20 19:10:24 2016
elapsed time: 3727 seconds (0d 1h 2m 7s)

